[2025-06-05T18:36:42.540+0300] {local_task_job_runner.py:123} INFO - ::group::Pre task execution logs
[2025-06-05T18:36:42.573+0300] {taskinstance.py:2613} INFO - Dependencies all met for dep_context=non-requeueable deps ti=<TaskInstance: push_autopark_import_pipeline.aggregate_import_data manual__2025-06-05T15:36:04.108922+00:00 [queued]>
[2025-06-05T18:36:42.587+0300] {taskinstance.py:2613} INFO - Dependencies all met for dep_context=requeueable deps ti=<TaskInstance: push_autopark_import_pipeline.aggregate_import_data manual__2025-06-05T15:36:04.108922+00:00 [queued]>
[2025-06-05T18:36:42.588+0300] {taskinstance.py:2866} INFO - Starting attempt 1 of 1
[2025-06-05T18:36:42.610+0300] {taskinstance.py:2889} INFO - Executing <Task(SQLExecuteQueryOperator): aggregate_import_data> on 2025-06-05 15:36:04.108922+00:00
[2025-06-05T18:36:42.615+0300] {standard_task_runner.py:72} INFO - Started process 29321 to run task
[2025-06-05T18:36:42.626+0300] {standard_task_runner.py:104} INFO - Running: ['airflow', 'tasks', 'run', 'push_autopark_import_pipeline', 'aggregate_import_data', 'manual__2025-06-05T15:36:04.108922+00:00', '--job-id', '17', '--raw', '--subdir', 'DAGS_FOLDER/push_autopark_import_pipeline.py', '--cfg-path', '/var/folders/p0/qnxbkr491pd245gy9gbyyml40000gn/T/tmpykha0bfm']
[2025-06-05T18:36:42.630+0300] {standard_task_runner.py:105} INFO - Job 17: Subtask aggregate_import_data
[2025-06-05T18:36:42.739+0300] {task_command.py:467} INFO - Running <TaskInstance: push_autopark_import_pipeline.aggregate_import_data manual__2025-06-05T15:36:04.108922+00:00 [running]> on host MacBook-Pro-Margarita.local
[2025-06-05T18:36:42.877+0300] {taskinstance.py:3132} INFO - Exporting env vars: AIRFLOW_CTX_DAG_OWNER='airflow' AIRFLOW_CTX_DAG_ID='push_autopark_import_pipeline' AIRFLOW_CTX_TASK_ID='aggregate_import_data' AIRFLOW_CTX_EXECUTION_DATE='2025-06-05T15:36:04.108922+00:00' AIRFLOW_CTX_TRY_NUMBER='1' AIRFLOW_CTX_DAG_RUN_ID='manual__2025-06-05T15:36:04.108922+00:00'
[2025-06-05T18:36:42.880+0300] {logging_mixin.py:190} INFO - Task instance is in running state
[2025-06-05T18:36:42.881+0300] {logging_mixin.py:190} INFO -  Previous state of the Task instance: queued
[2025-06-05T18:36:42.882+0300] {logging_mixin.py:190} INFO - Current task name:aggregate_import_data state:running start_date:2025-06-05 15:36:42.574219+00:00
[2025-06-05T18:36:42.882+0300] {logging_mixin.py:190} INFO - Dag name:push_autopark_import_pipeline and current dag run status:running
[2025-06-05T18:36:42.883+0300] {taskinstance.py:731} INFO - ::endgroup::
[2025-06-05T18:36:42.884+0300] {sql.py:278} INFO - Executing: DROP TABLE IF EXISTS import_aggregated;

CREATE TABLE import_aggregated AS
SELECT
    tecdocid,
    STRING_AGG(DISTINCT carid, ',' ORDER BY carid) AS carid,
    SUM(COALESCE(ap2023, 0)) AS ap2023,
    SUM(COALESCE(ap2024, 0)) AS ap2024,
    type
FROM import_prepare
GROUP BY tecdocid, type;
[2025-06-05T18:36:42.901+0300] {base.py:84} INFO - Retrieving connection 'postgres_car'
[2025-06-05T18:36:42.911+0300] {logging_mixin.py:190} WARNING - /Users/margaritaborodina/ALL_PROJECTS/airflow_car/venv/lib/python3.10/site-packages/airflow/providers/postgres/hooks/postgres.py:30 RemovedInAirflow3Warning: This module is deprecated. Please use `airflow.providers.common.sql.hooks.sql`.
[2025-06-05T18:36:42.923+0300] {base.py:84} INFO - Retrieving connection 'postgres_car'
[2025-06-05T18:36:42.924+0300] {sql.py:218} WARNING - This setter is for backward compatibility and should not be used.
Since the introduction of connection property, the providers listed below breaks due to assigning value to self.connection in their __init__ method.
* apache-airflow-providers-mysql<5.7.1
* apache-airflow-providers-elasticsearch<5.5.1
* apache-airflow-providers-postgres<5.13.0
[2025-06-05T18:36:42.932+0300] {sql.py:553} INFO - Running statement: DROP TABLE IF EXISTS import_aggregated;

CREATE TABLE import_aggregated AS
SELECT
    tecdocid,
    STRING_AGG(DISTINCT carid, ',' ORDER BY carid) AS carid,
    SUM(COALESCE(ap2023, 0)) AS ap2023,
    SUM(COALESCE(ap2024, 0)) AS ap2024,
    type
FROM import_prepare
GROUP BY tecdocid, type;, parameters: None
[2025-06-05T18:36:42.942+0300] {sql.py:562} INFO - Rows affected: 5
[2025-06-05T18:36:42.960+0300] {taskinstance.py:340} INFO - ::group::Post task execution logs
[2025-06-05T18:36:42.961+0300] {taskinstance.py:352} INFO - Marking task as SUCCESS. dag_id=push_autopark_import_pipeline, task_id=aggregate_import_data, run_id=manual__2025-06-05T15:36:04.108922+00:00, execution_date=20250605T153604, start_date=20250605T153642, end_date=20250605T153642
[2025-06-05T18:36:42.972+0300] {logging_mixin.py:190} INFO - Task instance in success state
[2025-06-05T18:36:42.973+0300] {logging_mixin.py:190} INFO -  Previous state of the Task instance: running
[2025-06-05T18:36:42.974+0300] {logging_mixin.py:190} INFO - Dag name:push_autopark_import_pipeline queued_at:2025-06-05 15:36:04.133225+00:00
[2025-06-05T18:36:42.974+0300] {logging_mixin.py:190} INFO - Task hostname:MacBook-Pro-Margarita.local operator:SQLExecuteQueryOperator
[2025-06-05T18:36:43.015+0300] {local_task_job_runner.py:266} INFO - Task exited with return code 0
[2025-06-05T18:36:43.062+0300] {taskinstance.py:3895} INFO - 1 downstream tasks scheduled from follow-on schedule check
[2025-06-05T18:36:43.065+0300] {local_task_job_runner.py:245} INFO - ::endgroup::
